Couldn't retain /home/john/.atom/recovery/gettingfit-9d0e62.html. Code: ENOENT. Message: ENOENT: no such file or directory, open '/home/john/.atom/recovery/gettingfit-9d0e62.html'
Couldn't retain /home/john/.atom/recovery/whileandforloops-4c4b30.js. Code: ENOENT. Message: ENOENT: no such file or directory, open '/home/john/.atom/recovery/whileandforloops-4c4b30.js'
Couldn't retain /home/john/.atom/recovery/whileandforloops-9b6a5a.js. Code: ENOENT. Message: ENOENT: no such file or directory, open '/home/john/.atom/recovery/whileandforloops-9b6a5a.js'
Couldn't retain /home/john/.atom/recovery/whileandforloops-7faa8c.js. Code: ENOENT. Message: ENOENT: no such file or directory, open '/home/john/.atom/recovery/whileandforloops-7faa8c.js'
Couldn't retain /home/john/.atom/recovery/whileandforloops-0caa77.js. Code: ENOENT. Message: ENOENT: no such file or directory, open '/home/john/.atom/recovery/whileandforloops-0caa77.js'
Couldn't retain /home/john/.atom/recovery/whileandforloops-7deb1d.js. Code: ENOENT. Message: ENOENT: no such file or directory, open '/home/john/.atom/recovery/whileandforloops-7deb1d.js'
Couldn't retain /home/john/.atom/recovery/whileandforloops-ac3130.js. Code: ENOENT. Message: ENOENT: no such file or directory, open '/home/john/.atom/recovery/whileandforloops-ac3130.js'
Couldn't retain /home/john/.atom/recovery/whileandforloops-fe897d.js. Code: ENOENT. Message: ENOENT: no such file or directory, open '/home/john/.atom/recovery/whileandforloops-fe897d.js'
Couldn't retain /home/john/.atom/recovery/fruits-78b473.js. Code: ENOENT. Message: ENOENT: no such file or directory, open '/home/john/.atom/recovery/fruits-78b473.js'
Couldn't retain /home/john/.atom/recovery/fruits-230d9c.js. Code: ENOENT. Message: ENOENT: no such file or directory, open '/home/john/.atom/recovery/fruits-230d9c.js'
Couldn't retain /home/john/.atom/recovery/fruits-f54671.js. Code: ENOENT. Message: ENOENT: no such file or directory, open '/home/john/.atom/recovery/fruits-f54671.js'
Couldn't retain /home/john/.atom/recovery/fruits-b458e7.js. Code: ENOENT. Message: ENOENT: no such file or directory, open '/home/john/.atom/recovery/fruits-b458e7.js'
Couldn't retain /home/john/.atom/recovery/fruits-a2b4cf.js. Code: ENOENT. Message: ENOENT: no such file or directory, open '/home/john/.atom/recovery/fruits-a2b4cf.js'
Couldn't retain /home/john/.atom/recovery/fruits-ef1671.js. Code: ENOENT. Message: ENOENT: no such file or directory, open '/home/john/.atom/recovery/fruits-ef1671.js'
Couldn't retain /home/john/.atom/recovery/fruits-889645.js. Code: ENOENT. Message: ENOENT: no such file or directory, open '/home/john/.atom/recovery/fruits-889645.js'
Couldn't retain /home/john/.atom/recovery/fruits-2a5b20.js. Code: ENOENT. Message: ENOENT: no such file or directory, open '/home/john/.atom/recovery/fruits-2a5b20.js'
Couldn't retain /home/john/.atom/recovery/fruits-431f40.js. Code: ENOENT. Message: ENOENT: no such file or directory, open '/home/john/.atom/recovery/fruits-431f40.js'
Couldn't retain /home/john/.atom/recovery/fruits-cbdb8c.js. Code: ENOENT. Message: ENOENT: no such file or directory, open '/home/john/.atom/recovery/fruits-cbdb8c.js'
Couldn't retain /home/john/.atom/recovery/fruits-7ebcb8.js. Code: ENOENT. Message: ENOENT: no such file or directory, open '/home/john/.atom/recovery/fruits-7ebcb8.js'
Couldn't retain /home/john/.atom/recovery/fruits-433625.js. Code: ENOENT. Message: ENOENT: no such file or directory, open '/home/john/.atom/recovery/fruits-433625.js'
Couldn't retain /home/john/.atom/recovery/fruits-fd3e29.js. Code: ENOENT. Message: ENOENT: no such file or directory, open '/home/john/.atom/recovery/fruits-fd3e29.js'
Couldn't retain /home/john/.atom/recovery/fruits-a46cfa.js. Code: ENOENT. Message: ENOENT: no such file or directory, open '/home/john/.atom/recovery/fruits-a46cfa.js'
Couldn't retain /home/john/.atom/recovery/fruits-348d6a.js. Code: ENOENT. Message: ENOENT: no such file or directory, open '/home/john/.atom/recovery/fruits-348d6a.js'
Couldn't retain /home/john/.atom/recovery/fruits-9c797e.js. Code: ENOENT. Message: ENOENT: no such file or directory, open '/home/john/.atom/recovery/fruits-9c797e.js'
Couldn't retain /home/john/.atom/recovery/functions-3ceb69. Code: ENOENT. Message: ENOENT: no such file or directory, open '/home/john/.atom/recovery/functions-3ceb69'
Couldn't retain /home/john/.atom/recovery/functions-e4aa10.js. Code: ENOENT. Message: ENOENT: no such file or directory, open '/home/john/.atom/recovery/functions-e4aa10.js'
Couldn't retain /home/john/.atom/recovery/functions-05fc96.js. Code: ENOENT. Message: ENOENT: no such file or directory, open '/home/john/.atom/recovery/functions-05fc96.js'
Couldn't retain /home/john/.atom/recovery/functions-1ea058.js. Code: ENOENT. Message: ENOENT: no such file or directory, open '/home/john/.atom/recovery/functions-1ea058.js'
Couldn't retain /home/john/.atom/recovery/functions-9fa5f1.js. Code: ENOENT. Message: ENOENT: no such file or directory, open '/home/john/.atom/recovery/functions-9fa5f1.js'
Couldn't retain /home/john/.atom/recovery/functions-78d21e.js. Code: ENOENT. Message: ENOENT: no such file or directory, open '/home/john/.atom/recovery/functions-78d21e.js'
Couldn't retain /home/john/.atom/recovery/functions-7e2505.js. Code: ENOENT. Message: ENOENT: no such file or directory, open '/home/john/.atom/recovery/functions-7e2505.js'
Couldn't retain /home/john/.atom/recovery/functions-7b001a.html. Code: ENOENT. Message: ENOENT: no such file or directory, open '/home/john/.atom/recovery/functions-7b001a.html'
Couldn't retain /home/john/.atom/recovery/objects-702625.js. Code: ENOENT. Message: ENOENT: no such file or directory, open '/home/john/.atom/recovery/objects-702625.js'
Couldn't retain /home/john/.atom/recovery/objects-d28e66.js. Code: ENOENT. Message: ENOENT: no such file or directory, open '/home/john/.atom/recovery/objects-d28e66.js'
Couldn't retain /home/john/.atom/recovery/objects-b736b8.js. Code: ENOENT. Message: ENOENT: no such file or directory, open '/home/john/.atom/recovery/objects-b736b8.js'
Couldn't retain /home/john/.atom/recovery/objects-c78c37.js. Code: ENOENT. Message: ENOENT: no such file or directory, open '/home/john/.atom/recovery/objects-c78c37.js'
Couldn't retain /home/john/.atom/recovery/objects-3a7e3f.js. Code: ENOENT. Message: ENOENT: no such file or directory, open '/home/john/.atom/recovery/objects-3a7e3f.js'
Couldn't retain /home/john/.atom/recovery/objects-ab72cb.js. Code: ENOENT. Message: ENOENT: no such file or directory, open '/home/john/.atom/recovery/objects-ab72cb.js'
Couldn't retain /home/john/.atom/recovery/objects-365a16.js. Code: ENOENT. Message: ENOENT: no such file or directory, open '/home/john/.atom/recovery/objects-365a16.js'
Couldn't retain /home/john/.atom/recovery/objects-e995ab.js. Code: ENOENT. Message: ENOENT: no such file or directory, open '/home/john/.atom/recovery/objects-e995ab.js'
Couldn't retain /home/john/.atom/recovery/objects-01f417.js. Code: ENOENT. Message: ENOENT: no such file or directory, open '/home/john/.atom/recovery/objects-01f417.js'
Couldn't retain /home/john/.atom/recovery/objects-849855.js. Code: ENOENT. Message: ENOENT: no such file or directory, open '/home/john/.atom/recovery/objects-849855.js'
Couldn't retain /home/john/.atom/recovery/objects-4a27fe.js. Code: ENOENT. Message: ENOENT: no such file or directory, open '/home/john/.atom/recovery/objects-4a27fe.js'
Couldn't retain /home/john/.atom/recovery/objects-b16235.js. Code: ENOENT. Message: ENOENT: no such file or directory, open '/home/john/.atom/recovery/objects-b16235.js'
Couldn't retain /home/john/.atom/recovery/objects-b23406.js. Code: ENOENT. Message: ENOENT: no such file or directory, open '/home/john/.atom/recovery/objects-b23406.js'
Couldn't retain /home/john/.atom/recovery/objects-0066f0.js. Code: ENOENT. Message: ENOENT: no such file or directory, open '/home/john/.atom/recovery/objects-0066f0.js'
Couldn't retain /home/john/.atom/recovery/objects-7cdfa8.js. Code: ENOENT. Message: ENOENT: no such file or directory, open '/home/john/.atom/recovery/objects-7cdfa8.js'
Couldn't retain /home/john/.atom/recovery/objects-ea9a85.js. Code: ENOENT. Message: ENOENT: no such file or directory, open '/home/john/.atom/recovery/objects-ea9a85.js'
Couldn't retain /home/john/.atom/recovery/objects-2e0119.js. Code: ENOENT. Message: ENOENT: no such file or directory, open '/home/john/.atom/recovery/objects-2e0119.js'
Couldn't retain /home/john/.atom/recovery/objects-3f0edb.js. Code: ENOENT. Message: ENOENT: no such file or directory, open '/home/john/.atom/recovery/objects-3f0edb.js'
Couldn't retain /home/john/.atom/recovery/objects-a7d8d7.js. Code: ENOENT. Message: ENOENT: no such file or directory, open '/home/john/.atom/recovery/objects-a7d8d7.js'
Couldn't retain /home/john/.atom/recovery/objects-61acdf.js. Code: ENOENT. Message: ENOENT: no such file or directory, open '/home/john/.atom/recovery/objects-61acdf.js'
Couldn't retain /home/john/.atom/recovery/objects-1d0ff0.js. Code: ENOENT. Message: ENOENT: no such file or directory, open '/home/john/.atom/recovery/objects-1d0ff0.js'
Couldn't retain /home/john/.atom/recovery/objects-ed4bc3.js. Code: ENOENT. Message: ENOENT: no such file or directory, open '/home/john/.atom/recovery/objects-ed4bc3.js'
Couldn't retain /home/john/.atom/recovery/objects-23479a.js. Code: ENOENT. Message: ENOENT: no such file or directory, open '/home/john/.atom/recovery/objects-23479a.js'
Couldn't retain /home/john/.atom/recovery/objects-257696.js. Code: ENOENT. Message: ENOENT: no such file or directory, open '/home/john/.atom/recovery/objects-257696.js'
Couldn't retain /home/john/.atom/recovery/objects-b8aa29.js. Code: ENOENT. Message: ENOENT: no such file or directory, open '/home/john/.atom/recovery/objects-b8aa29.js'
Couldn't retain /home/john/.atom/recovery/objects-5877e2.js. Code: ENOENT. Message: ENOENT: no such file or directory, open '/home/john/.atom/recovery/objects-5877e2.js'
Couldn't retain /home/john/.atom/recovery/objects-a00537.js. Code: ENOENT. Message: ENOENT: no such file or directory, open '/home/john/.atom/recovery/objects-a00537.js'
Couldn't retain /home/john/.atom/recovery/objects-c1487f.js. Code: ENOENT. Message: ENOENT: no such file or directory, open '/home/john/.atom/recovery/objects-c1487f.js'
Couldn't retain /home/john/.atom/recovery/objects-a7035b.js. Code: ENOENT. Message: ENOENT: no such file or directory, open '/home/john/.atom/recovery/objects-a7035b.js'
Couldn't retain /home/john/.atom/recovery/objects-14d543.js. Code: ENOENT. Message: ENOENT: no such file or directory, open '/home/john/.atom/recovery/objects-14d543.js'
Couldn't retain /home/john/.atom/recovery/objects-bf509d.js. Code: ENOENT. Message: ENOENT: no such file or directory, open '/home/john/.atom/recovery/objects-bf509d.js'
Attempting to call a function in a renderer window that has been closed or released.
Function provided here: worker.js:71:22
Remote event names: destroyed, crashed
